<?xml version="1.0" encoding="UTF-8"?>
<testsuite xmlns:xsi="http://www.w3.org/2001/XMLSchema-instance" xsi:noNamespaceSchemaLocation="https://maven.apache.org/surefire/maven-surefire-plugin/xsd/surefire-test-report.xsd" name="unam.ciencias.computoconcurrente.PhilosopherTest" time="20.068" tests="2" errors="0" skipped="0" failures="2">
  <properties>
[...]
</properties>
  <testcase name="atLeastAllTriedToEatFilterAlgorithm" classname="unam.ciencias.computoconcurrente.PhilosopherTest" time="10.056">
    <failure message="expected: &lt;true&gt; but was: &lt;false&gt;" type="org.opentest4j.AssertionFailedError"><![CDATA[org.opentest4j.AssertionFailedError: expected: <true> but was: <false>
	at unam.ciencias.computoconcurrente.PhilosopherTest.atLeastAllTriedToEatFilterAlgorithm(PhilosopherTest.java:40)
]]></failure>
    <system-out><![CDATA[Thread 1 finished execution eating 1092 times
Thread 0 finished execution eating 1100 times
Thread 4 finished execution eating 1102 times
Thread 2 finished execution eating 1077 times
Thread 3 finished execution eating 1061 times
]]></system-out>
  </testcase>
  <testcase name="atLeastAllEatSeveralTimesFilterAlgorithm" classname="unam.ciencias.computoconcurrente.PhilosopherTest" time="10.011">
    <failure message="expected: &lt;true&gt; but was: &lt;false&gt;" type="org.opentest4j.AssertionFailedError"><![CDATA[org.opentest4j.AssertionFailedError: expected: <true> but was: <false>
	at unam.ciencias.computoconcurrente.PhilosopherTest.atLeastAllEatSeveralTimesFilterAlgorithm(PhilosopherTest.java:56)
]]></failure>
    <system-out><![CDATA[Thread 0 finished execution eating 1082 times
Thread 3 finished execution eating 1089 times
Thread 4 finished execution eating 1130 times
Thread 2 finished execution eating 1086 times
Thread 1 finished execution eating 1079 times
]]></system-out>
  </testcase>
</testsuite>