-------------------------------------------------------------------------------
Test set: unam.ciencias.computoconcurrente.PhilosopherTest
-------------------------------------------------------------------------------
Tests run: 2, Failures: 2, Errors: 0, Skipped: 0, Time elapsed: 20.068 s <<< FAILURE! - in unam.ciencias.computoconcurrente.PhilosopherTest
atLeastAllTriedToEatFilterAlgorithm  Time elapsed: 10.056 s  <<< FAILURE!
org.opentest4j.AssertionFailedError: expected: <true> but was: <false>
	at unam.ciencias.computoconcurrente.PhilosopherTest.atLeastAllTriedToEatFilterAlgorithm(PhilosopherTest.java:40)

atLeastAllEatSeveralTimesFilterAlgorithm  Time elapsed: 10.011 s  <<< FAILURE!
org.opentest4j.AssertionFailedError: expected: <true> but was: <false>
	at unam.ciencias.computoconcurrente.PhilosopherTest.atLeastAllEatSeveralTimesFilterAlgorithm(PhilosopherTest.java:56)

