-------------------------------------------------------------------------------
Test set: unam.ciencias.computoconcurrente.PetersonLockTest
-------------------------------------------------------------------------------
Tests run: 1, Failures: 0, Errors: 1, Skipped: 0, Time elapsed: 0.001 s <<< FAILURE! - in unam.ciencias.computoconcurrente.PetersonLockTest
lock  Time elapsed: 0 s  <<< ERROR!
java.lang.NumberFormatException: For input string: "main"
	at unam.ciencias.computoconcurrente.PetersonLockTest.setUp(PetersonLockTest.java:16)

