<?xml version="1.0" encoding="UTF-8"?>
<testsuite xmlns:xsi="http://www.w3.org/2001/XMLSchema-instance" xsi:noNamespaceSchemaLocation="https://maven.apache.org/surefire/maven-surefire-plugin/xsd/surefire-test-report.xsd" name="unam.ciencias.computoconcurrente.LockTest" time="221.029" tests="5" errors="0" skipped="0" failures="0">
  <properties>
[...]
</properties>
  <testcase name="tasLock" classname="unam.ciencias.computoconcurrente.LockTest" time="0.194"/>
  <testcase name="ttasLock" classname="unam.ciencias.computoconcurrente.LockTest" time="0.144"/>
  <testcase name="backoffLock" classname="unam.ciencias.computoconcurrente.LockTest" time="40.864"/>
  <testcase name="clhLock" classname="unam.ciencias.computoconcurrente.LockTest" time="179.602"/>
  <testcase name="mcsLock" classname="unam.ciencias.computoconcurrente.LockTest" time="0.19"/>
</testsuite>