<?xml version="1.0" encoding="UTF-8"?>
<testsuite xmlns:xsi="http://www.w3.org/2001/XMLSchema-instance" xsi:noNamespaceSchemaLocation="https://maven.apache.org/surefire/maven-surefire-plugin/xsd/surefire-test-report.xsd" name="unam.ciencias.computoconcurrente.SimulationTest" time="40.227" tests="4" errors="0" skipped="0" failures="4">
  <properties>
[...]
</properties>
  <testcase name="testOneMaleAndSeveralFemale" classname="unam.ciencias.computoconcurrente.SimulationTest" time="10.125">
    <failure message="expected: &lt;true&gt; but was: &lt;false&gt;" type="org.opentest4j.AssertionFailedError"><![CDATA[org.opentest4j.AssertionFailedError: expected: <true> but was: <false>
	at unam.ciencias.computoconcurrente.SimulationTest.verifyState(SimulationTest.java:149)
	at unam.ciencias.computoconcurrente.SimulationTest.testOneMaleAndSeveralFemale(SimulationTest.java:45)
]]></failure>
    <system-out><![CDATA[
Running tests case males 1 and females 8
Thread-0.unam.ciencias.computoconcurrente.Male starting simulation
Thread-2.unam.ciencias.computoconcurrente.Female starting simulation
Thread-1.unam.ciencias.computoconcurrente.Female starting simulation
Thread-3.unam.ciencias.computoconcurrente.Female starting simulation
Thread-4.unam.ciencias.computoconcurrente.Female starting simulation
Thread-5.unam.ciencias.computoconcurrente.Female starting simulation
Thread-7.unam.ciencias.computoconcurrente.Female starting simulation
Thread-6.unam.ciencias.computoconcurrente.Female starting simulation
Thread-8.unam.ciencias.computoconcurrente.Female starting simulation
Verification thread finishing simulation. Valid exclusion: 0. Invalid Exclusion 49
Thread-0.unam.ciencias.computoconcurrente.Male finishing simulation, used the toilette 31
]]></system-out>
    <system-err><![CDATA[Exception in thread "Thread-3" Exception in thread "Thread-2" java.lang.IllegalMonitorStateException
	at java.base/java.util.concurrent.locks.ReentrantLock$Sync.tryRelease(ReentrantLock.java:149)
	at java.base/java.util.concurrent.locks.AbstractQueuedSynchronizer.release(AbstractQueuedSynchronizer.java:1302)
	at java.base/java.util.concurrent.locks.ReentrantLock.unlock(ReentrantLock.java:439)
	at unam.ciencias.computoconcurrente.Toilette.enterFemale(Toilette.java:86)
	at unam.ciencias.computoconcurrente.Female.enterToilette(Female.java:11)
	at unam.ciencias.computoconcurrente.Participant.run(Participant.java:26)
	at java.base/java.lang.Thread.run(Thread.java:835)
Exception in thread "Thread-1" Exception in thread "Thread-4" java.lang.IllegalMonitorStateException
	at java.base/java.util.concurrent.locks.ReentrantLock$Sync.tryRelease(ReentrantLock.java:149)
	at java.base/java.util.concurrent.locks.AbstractQueuedSynchronizer.release(AbstractQueuedSynchronizer.java:1302)
	at java.base/java.util.concurrent.locks.ReentrantLock.unlock(ReentrantLock.java:439)
	at unam.ciencias.computoconcurrente.Toilette.enterFemale(Toilette.java:86)
	at unam.ciencias.computoconcurrente.Female.enterToilette(Female.java:11)
	at unam.ciencias.computoconcurrente.Participant.run(Participant.java:26)
	at java.base/java.lang.Thread.run(Thread.java:835)
java.lang.IllegalMonitorStateException
	at java.base/java.util.concurrent.locks.ReentrantLock$Sync.tryRelease(ReentrantLock.java:149)
	at java.base/java.util.concurrent.locks.AbstractQueuedSynchronizer.release(AbstractQueuedSynchronizer.java:1302)
	at java.base/java.util.concurrent.locks.ReentrantLock.unlock(ReentrantLock.java:439)
	at unam.ciencias.computoconcurrente.Toilette.enterFemale(Toilette.java:86)
	at unam.ciencias.computoconcurrente.Female.enterToilette(Female.java:11)
	at unam.ciencias.computoconcurrente.Participant.run(Participant.java:26)
	at java.base/java.lang.Thread.run(Thread.java:835)
Exception in thread "Thread-8" Exception in thread "Thread-7" java.lang.IllegalMonitorStateException
	at java.base/java.util.concurrent.locks.ReentrantLock$Sync.tryRelease(ReentrantLock.java:149)
	at java.base/java.util.concurrent.locks.AbstractQueuedSynchronizer.release(AbstractQueuedSynchronizer.java:1302)
	at java.base/java.util.concurrent.locks.ReentrantLock.unlock(ReentrantLock.java:439)
	at unam.ciencias.computoconcurrente.Toilette.enterFemale(Toilette.java:86)
	at unam.ciencias.computoconcurrente.Female.enterToilette(Female.java:11)
	at unam.ciencias.computoconcurrente.Participant.run(Participant.java:26)
	at java.base/java.lang.Thread.run(Thread.java:835)
java.lang.IllegalMonitorStateException
	at java.base/java.util.concurrent.locks.ReentrantLock$Sync.tryRelease(ReentrantLock.java:149)
	at java.base/java.util.concurrent.locks.AbstractQueuedSynchronizer.release(AbstractQueuedSynchronizer.java:1302)
	at java.base/java.util.concurrent.locks.ReentrantLock.unlock(ReentrantLock.java:439)
	at unam.ciencias.computoconcurrente.Toilette.enterFemale(Toilette.java:86)
	at unam.ciencias.computoconcurrente.Female.enterToilette(Female.java:11)
	at unam.ciencias.computoconcurrente.Participant.run(Participant.java:26)
	at java.base/java.lang.Thread.run(Thread.java:835)
Exception in thread "Thread-6" java.lang.IllegalMonitorStateException
	at java.base/java.util.concurrent.locks.ReentrantLock$Sync.tryRelease(ReentrantLock.java:149)
	at java.base/java.util.concurrent.locks.AbstractQueuedSynchronizer.release(AbstractQueuedSynchronizer.java:1302)
	at java.base/java.util.concurrent.locks.ReentrantLock.unlock(ReentrantLock.java:439)
	at unam.ciencias.computoconcurrente.Toilette.enterFemale(Toilette.java:86)
	at unam.ciencias.computoconcurrente.Female.enterToilette(Female.java:11)
	at unam.ciencias.computoconcurrente.Participant.run(Participant.java:26)
	at java.base/java.lang.Thread.run(Thread.java:835)
Exception in thread "Thread-5" java.lang.IllegalMonitorStateException
	at java.base/java.util.concurrent.locks.ReentrantLock$Sync.tryRelease(ReentrantLock.java:149)
	at java.base/java.util.concurrent.locks.AbstractQueuedSynchronizer.release(AbstractQueuedSynchronizer.java:1302)
	at java.base/java.util.concurrent.locks.ReentrantLock.unlock(ReentrantLock.java:439)
	at unam.ciencias.computoconcurrente.Toilette.enterFemale(Toilette.java:86)
	at unam.ciencias.computoconcurrente.Female.enterToilette(Female.java:11)
	at unam.ciencias.computoconcurrente.Participant.run(Participant.java:26)
	at java.base/java.lang.Thread.run(Thread.java:835)
java.lang.IllegalMonitorStateException
	at java.base/java.util.concurrent.locks.ReentrantLock$Sync.tryRelease(ReentrantLock.java:149)
	at java.base/java.util.concurrent.locks.AbstractQueuedSynchronizer.release(AbstractQueuedSynchronizer.java:1302)
	at java.base/java.util.concurrent.locks.ReentrantLock.unlock(ReentrantLock.java:439)
	at unam.ciencias.computoconcurrente.Toilette.enterFemale(Toilette.java:86)
	at unam.ciencias.computoconcurrente.Female.enterToilette(Female.java:11)
	at unam.ciencias.computoconcurrente.Participant.run(Participant.java:26)
	at java.base/java.lang.Thread.run(Thread.java:835)
]]></system-err>
  </testcase>
  <testcase name="testSeveralMaleAndOneFemale" classname="unam.ciencias.computoconcurrente.SimulationTest" time="10.022">
    <failure message="expected: &lt;true&gt; but was: &lt;false&gt;" type="org.opentest4j.AssertionFailedError"><![CDATA[org.opentest4j.AssertionFailedError: expected: <true> but was: <false>
	at unam.ciencias.computoconcurrente.SimulationTest.verifyState(SimulationTest.java:149)
	at unam.ciencias.computoconcurrente.SimulationTest.testSeveralMaleAndOneFemale(SimulationTest.java:39)
]]></failure>
    <system-out><![CDATA[
Running tests case males 6 and females 1
Thread-10.unam.ciencias.computoconcurrente.Male starting simulation
Thread-11.unam.ciencias.computoconcurrente.Male starting simulation
Thread-12.unam.ciencias.computoconcurrente.Male starting simulation
Thread-13.unam.ciencias.computoconcurrente.Male starting simulation
Thread-14.unam.ciencias.computoconcurrente.Male starting simulation
Thread-16.unam.ciencias.computoconcurrente.Female starting simulation
Thread-15.unam.ciencias.computoconcurrente.Male starting simulation
Thread-11.unam.ciencias.computoconcurrente.Male finishing simulation, used the toilette 27
Thread-16.unam.ciencias.computoconcurrente.Female finishing simulation, used the toilette 27
Thread-14.unam.ciencias.computoconcurrente.Male finishing simulation, used the toilette 27
Thread-13.unam.ciencias.computoconcurrente.Male finishing simulation, used the toilette 26
Verification thread finishing simulation. Valid exclusion: 0. Invalid Exclusion 49
Thread-10.unam.ciencias.computoconcurrente.Male finishing simulation, used the toilette 29
Thread-15.unam.ciencias.computoconcurrente.Male finishing simulation, used the toilette 32
Thread-12.unam.ciencias.computoconcurrente.Male finishing simulation, used the toilette 29
]]></system-out>
  </testcase>
  <testcase name="testSeveralMaleAndSeveralFemale" classname="unam.ciencias.computoconcurrente.SimulationTest" time="10.075">
    <failure message="expected: &lt;true&gt; but was: &lt;false&gt;" type="org.opentest4j.AssertionFailedError"><![CDATA[org.opentest4j.AssertionFailedError: expected: <true> but was: <false>
	at unam.ciencias.computoconcurrente.SimulationTest.verifyState(SimulationTest.java:149)
	at unam.ciencias.computoconcurrente.SimulationTest.testSeveralMaleAndSeveralFemale(SimulationTest.java:51)
]]></failure>
    <system-out><![CDATA[
Running tests case males 5 and females 7
Thread-18.unam.ciencias.computoconcurrente.Male starting simulation
Thread-19.unam.ciencias.computoconcurrente.Male starting simulation
Thread-20.unam.ciencias.computoconcurrente.Male starting simulation
Thread-21.unam.ciencias.computoconcurrente.Male starting simulation
Thread-22.unam.ciencias.computoconcurrente.Male starting simulation
Thread-24.unam.ciencias.computoconcurrente.Female starting simulation
Thread-23.unam.ciencias.computoconcurrente.Female starting simulation
Thread-25.unam.ciencias.computoconcurrente.Female starting simulation
Thread-26.unam.ciencias.computoconcurrente.Female starting simulation
Thread-27.unam.ciencias.computoconcurrente.Female starting simulation
Thread-28.unam.ciencias.computoconcurrente.Female starting simulation
Thread-29.unam.ciencias.computoconcurrente.Female starting simulation
Thread-20.unam.ciencias.computoconcurrente.Male finishing simulation, used the toilette 25
Verification thread finishing simulation. Valid exclusion: 0. Invalid Exclusion 49
Thread-21.unam.ciencias.computoconcurrente.Male finishing simulation, used the toilette 26
Thread-29.unam.ciencias.computoconcurrente.Female finishing simulation, used the toilette 11
Thread-18.unam.ciencias.computoconcurrente.Male finishing simulation, used the toilette 27
]]></system-out>
    <system-err><![CDATA[Exception in thread "Thread-19" java.lang.IllegalMonitorStateException
	at java.base/java.util.concurrent.locks.ReentrantLock$Sync.tryRelease(ReentrantLock.java:149)
	at java.base/java.util.concurrent.locks.AbstractQueuedSynchronizer.release(AbstractQueuedSynchronizer.java:1302)
	at java.base/java.util.concurrent.locks.ReentrantLock.unlock(ReentrantLock.java:439)
	at unam.ciencias.computoconcurrente.Toilette.enterMale(Toilette.java:51)
	at unam.ciencias.computoconcurrente.Male.enterToilette(Male.java:11)
	at unam.ciencias.computoconcurrente.Participant.run(Participant.java:26)
	at java.base/java.lang.Thread.run(Thread.java:835)
Exception in thread "Thread-23" java.lang.IllegalMonitorStateException
	at java.base/java.util.concurrent.locks.ReentrantLock$Sync.tryRelease(ReentrantLock.java:149)
	at java.base/java.util.concurrent.locks.AbstractQueuedSynchronizer.release(AbstractQueuedSynchronizer.java:1302)
	at java.base/java.util.concurrent.locks.ReentrantLock.unlock(ReentrantLock.java:439)
	at unam.ciencias.computoconcurrente.Toilette.enterFemale(Toilette.java:86)
	at unam.ciencias.computoconcurrente.Female.enterToilette(Female.java:11)
	at unam.ciencias.computoconcurrente.Participant.run(Participant.java:26)
	at java.base/java.lang.Thread.run(Thread.java:835)
Exception in thread "Thread-28" java.lang.IllegalMonitorStateException
	at java.base/java.util.concurrent.locks.ReentrantLock$Sync.tryRelease(ReentrantLock.java:149)
	at java.base/java.util.concurrent.locks.AbstractQueuedSynchronizer.release(AbstractQueuedSynchronizer.java:1302)
	at java.base/java.util.concurrent.locks.ReentrantLock.unlock(ReentrantLock.java:439)
	at unam.ciencias.computoconcurrente.Toilette.enterFemale(Toilette.java:86)
	at unam.ciencias.computoconcurrente.Female.enterToilette(Female.java:11)
	at unam.ciencias.computoconcurrente.Participant.run(Participant.java:26)
	at java.base/java.lang.Thread.run(Thread.java:835)
Exception in thread "Thread-25" java.lang.IllegalMonitorStateException
	at java.base/java.util.concurrent.locks.ReentrantLock$Sync.tryRelease(ReentrantLock.java:149)
	at java.base/java.util.concurrent.locks.AbstractQueuedSynchronizer.release(AbstractQueuedSynchronizer.java:1302)
	at java.base/java.util.concurrent.locks.ReentrantLock.unlock(ReentrantLock.java:439)
	at unam.ciencias.computoconcurrente.Toilette.enterFemale(Toilette.java:86)
	at unam.ciencias.computoconcurrente.Female.enterToilette(Female.java:11)
	at unam.ciencias.computoconcurrente.Participant.run(Participant.java:26)
	at java.base/java.lang.Thread.run(Thread.java:835)
Exception in thread "Thread-27" java.lang.IllegalMonitorStateException
	at java.base/java.util.concurrent.locks.ReentrantLock$Sync.tryRelease(ReentrantLock.java:149)
	at java.base/java.util.concurrent.locks.AbstractQueuedSynchronizer.release(AbstractQueuedSynchronizer.java:1302)
	at java.base/java.util.concurrent.locks.ReentrantLock.unlock(ReentrantLock.java:439)
	at unam.ciencias.computoconcurrente.Toilette.enterFemale(Toilette.java:86)
	at unam.ciencias.computoconcurrente.Female.enterToilette(Female.java:11)
	at unam.ciencias.computoconcurrente.Participant.run(Participant.java:26)
	at java.base/java.lang.Thread.run(Thread.java:835)
Exception in thread "Thread-26" Exception in thread "Thread-22" java.lang.IllegalMonitorStateException
	at java.base/java.util.concurrent.locks.ReentrantLock$Sync.tryRelease(ReentrantLock.java:149)
	at java.base/java.util.concurrent.locks.AbstractQueuedSynchronizer.release(AbstractQueuedSynchronizer.java:1302)
	at java.base/java.util.concurrent.locks.ReentrantLock.unlock(ReentrantLock.java:439)
	at unam.ciencias.computoconcurrente.Toilette.enterFemale(Toilette.java:86)
	at unam.ciencias.computoconcurrente.Female.enterToilette(Female.java:11)
	at unam.ciencias.computoconcurrente.Participant.run(Participant.java:26)
	at java.base/java.lang.Thread.run(Thread.java:835)
Exception in thread "Thread-24" java.lang.IllegalMonitorStateException
	at java.base/java.util.concurrent.locks.ReentrantLock$Sync.tryRelease(ReentrantLock.java:149)
	at java.base/java.util.concurrent.locks.AbstractQueuedSynchronizer.release(AbstractQueuedSynchronizer.java:1302)
	at java.base/java.util.concurrent.locks.ReentrantLock.unlock(ReentrantLock.java:439)
	at unam.ciencias.computoconcurrente.Toilette.enterFemale(Toilette.java:86)
	at unam.ciencias.computoconcurrente.Female.enterToilette(Female.java:11)
	at unam.ciencias.computoconcurrente.Participant.run(Participant.java:26)
	at java.base/java.lang.Thread.run(Thread.java:835)
java.lang.IllegalMonitorStateException
	at java.base/java.util.concurrent.locks.ReentrantLock$Sync.tryRelease(ReentrantLock.java:149)
	at java.base/java.util.concurrent.locks.AbstractQueuedSynchronizer.release(AbstractQueuedSynchronizer.java:1302)
	at java.base/java.util.concurrent.locks.ReentrantLock.unlock(ReentrantLock.java:439)
	at unam.ciencias.computoconcurrente.Toilette.enterMale(Toilette.java:51)
	at unam.ciencias.computoconcurrente.Male.enterToilette(Male.java:11)
	at unam.ciencias.computoconcurrente.Participant.run(Participant.java:26)
	at java.base/java.lang.Thread.run(Thread.java:835)
]]></system-err>
  </testcase>
  <testcase name="testOneMaleAndOneFemale" classname="unam.ciencias.computoconcurrente.SimulationTest" time="9.99">
    <failure message="expected: &lt;true&gt; but was: &lt;false&gt;" type="org.opentest4j.AssertionFailedError"><![CDATA[org.opentest4j.AssertionFailedError: expected: <true> but was: <false>
	at unam.ciencias.computoconcurrente.SimulationTest.verifyState(SimulationTest.java:149)
	at unam.ciencias.computoconcurrente.SimulationTest.testOneMaleAndOneFemale(SimulationTest.java:33)
]]></failure>
    <system-out><![CDATA[
Running tests case males 1 and females 1
Thread-31.unam.ciencias.computoconcurrente.Male starting simulation
Thread-32.unam.ciencias.computoconcurrente.Female starting simulation
Thread-32.unam.ciencias.computoconcurrente.Female finishing simulation, used the toilette 32
Verification thread finishing simulation. Valid exclusion: 0. Invalid Exclusion 49
]]></system-out>
    <system-err><![CDATA[Exception in thread "Thread-31" java.lang.IllegalMonitorStateException
	at java.base/java.util.concurrent.locks.ReentrantLock$Sync.tryRelease(ReentrantLock.java:149)
	at java.base/java.util.concurrent.locks.AbstractQueuedSynchronizer.release(AbstractQueuedSynchronizer.java:1302)
	at java.base/java.util.concurrent.locks.ReentrantLock.unlock(ReentrantLock.java:439)
	at unam.ciencias.computoconcurrente.Toilette.enterMale(Toilette.java:51)
	at unam.ciencias.computoconcurrente.Male.enterToilette(Male.java:11)
	at unam.ciencias.computoconcurrente.Participant.run(Participant.java:26)
	at java.base/java.lang.Thread.run(Thread.java:835)
]]></system-err>
  </testcase>
</testsuite>